<?xml version="1.0" encoding="UTF-8"?>
<testsuite xmlns:xsi="http://www.w3.org/2001/XMLSchema-instance" xsi:noNamespaceSchemaLocation="https://maven.apache.org/surefire/maven-surefire-plugin/xsd/surefire-test-report.xsd" name="pt.ua.busfind.TestRunner" time="0.359" tests="1" errors="0" skipped="1" failures="0">
  <properties>
[...]
</properties>
  <testcase name="Bus Location" classname="Are the bus coordinates correct?" time="0">
    <skipped message="The step &quot;the bus number 00000000-0000-0000-0000-000000002518&quot; is undefined. You can implement it using the snippet(s) below:&#10;&#10;@Given(&quot;the bus number {int}-{int}-{int}-{int}-{int}&quot;)&#10;public void the_bus_number(Integer int1, Integer int2, Integer int3, Integer int4, Integer int5) {&#10;    // Write code here that turns the phrase above into concrete actions&#10;    throw new io.cucumber.java.PendingException();&#10;}&#10;&#10;Some other steps were also undefined:&#10;&#10;@When(&quot;the timestamp is {int}-{int}-{int} {int}:{int}:{double}&quot;)&#10;public void the_timestamp_is(Integer int1, Integer int2, Integer int3, Integer int4, Integer int5, Double double1) {&#10;    // Write code here that turns the phrase above into concrete actions&#10;    throw new io.cucumber.java.PendingException();&#10;}&#10;@Then(&quot;the bus longitude is {double}&quot;)&#10;public void the_bus_longitude_is(Double double1) {&#10;    // Write code here that turns the phrase above into concrete actions&#10;    throw new io.cucumber.java.PendingException();&#10;}&#10;@Then(&quot;the bus latitude is {double}&quot;)&#10;public void the_bus_latitude_is(Double double1) {&#10;    // Write code here that turns the phrase above into concrete actions&#10;    throw new io.cucumber.java.PendingException();&#10;}&#10;"/>
    <system-err><![CDATA[mai 10, 2020 11:14:37 PM io.cucumber.junit.Cucumber <init>
WARNING: By default Cucumber is running in --non-strict mode.
This default will change to --strict and --non-strict will be removed.
You can use --strict or @CucumberOptions(strict = true) to suppress this warning
]]></system-err>
  </testcase>
</testsuite>